[2023-05-12 17:46:01,273]  INFO {com.atomikos.logging.LoggerFactory} - Using Slf4J for logging.
[2023-05-12 17:46:01,288]  WARN {com.atomikos.icatch.config.UserTransactionServiceImp} - Using init file: /Users/CIS/Downloads/MicroIntegrator/wso2mi-4.2.0/wso2/lib/transactions.properties
[2023-05-12 17:46:01,288]  WARN {com.atomikos.icatch.config.UserTransactionServiceImp} - Failed to open transactions properties file - using default values
[2023-05-12 17:46:01,307]  INFO {com.atomikos.persistence.imp.FileLogStream} - Logfile closed: /Users/CIS/Downloads/MicroIntegrator/wso2mi-4.2.0/./tmlog-1.log
[2023-05-12 17:46:01,311]  INFO {com.atomikos.icatch.config.imp.AbstractUserTransactionService} - USING core version: 3.8.0
[2023-05-12 17:46:01,311]  INFO {com.atomikos.icatch.config.imp.AbstractUserTransactionService} - USING com.atomikos.icatch.console_file_name = tm.out
[2023-05-12 17:46:01,311]  INFO {com.atomikos.icatch.config.imp.AbstractUserTransactionService} - USING com.atomikos.icatch.console_file_count = 1
[2023-05-12 17:46:01,311]  INFO {com.atomikos.icatch.config.imp.AbstractUserTransactionService} - USING com.atomikos.icatch.automatic_resource_registration = true
[2023-05-12 17:46:01,311]  INFO {com.atomikos.icatch.config.imp.AbstractUserTransactionService} - USING com.atomikos.icatch.client_demarcation = false
[2023-05-12 17:46:01,311]  INFO {com.atomikos.icatch.config.imp.AbstractUserTransactionService} - USING com.atomikos.icatch.threaded_2pc = false
[2023-05-12 17:46:01,311]  INFO {com.atomikos.icatch.config.imp.AbstractUserTransactionService} - USING com.atomikos.icatch.serial_jta_transactions = true
[2023-05-12 17:46:01,311]  INFO {com.atomikos.icatch.config.imp.AbstractUserTransactionService} - USING com.atomikos.icatch.log_base_dir = ./
[2023-05-12 17:46:01,311]  INFO {com.atomikos.icatch.config.imp.AbstractUserTransactionService} - USING com.atomikos.icatch.max_actives = 50
[2023-05-12 17:46:01,311]  INFO {com.atomikos.icatch.config.imp.AbstractUserTransactionService} - USING com.atomikos.icatch.console_log_level = WARN
[2023-05-12 17:46:01,311]  INFO {com.atomikos.icatch.config.imp.AbstractUserTransactionService} - USING com.atomikos.icatch.checkpoint_interval = 500
[2023-05-12 17:46:01,311]  INFO {com.atomikos.icatch.config.imp.AbstractUserTransactionService} - USING com.atomikos.icatch.enable_logging = true
[2023-05-12 17:46:01,311]  INFO {com.atomikos.icatch.config.imp.AbstractUserTransactionService} - USING com.atomikos.icatch.output_dir = ./
[2023-05-12 17:46:01,311]  INFO {com.atomikos.icatch.config.imp.AbstractUserTransactionService} - USING com.atomikos.icatch.log_base_name = tmlog
[2023-05-12 17:46:01,311]  INFO {com.atomikos.icatch.config.imp.AbstractUserTransactionService} - USING com.atomikos.icatch.console_file_limit = -1
[2023-05-12 17:46:01,311]  INFO {com.atomikos.icatch.config.imp.AbstractUserTransactionService} - USING com.atomikos.icatch.max_timeout = 300000
[2023-05-12 17:46:01,311]  INFO {com.atomikos.icatch.config.imp.AbstractUserTransactionService} - USING com.atomikos.icatch.tm_unique_name = 192.168.1.79.tm
[2023-05-12 17:46:01,311]  INFO {com.atomikos.icatch.config.imp.AbstractUserTransactionService} - USING java.naming.factory.initial = com.sun.jndi.rmi.registry.RegistryContextFactory
[2023-05-12 17:46:01,311]  INFO {com.atomikos.icatch.config.imp.AbstractUserTransactionService} - USING java.naming.provider.url = rmi://localhost:1099
[2023-05-12 17:46:01,312]  INFO {com.atomikos.icatch.config.imp.AbstractUserTransactionService} - USING com.atomikos.icatch.service = com.atomikos.icatch.standalone.UserTransactionServiceFactory
[2023-05-12 17:46:01,312]  INFO {com.atomikos.icatch.config.imp.AbstractUserTransactionService} - USING com.atomikos.icatch.force_shutdown_on_vm_exit = false
[2023-05-12 17:46:01,312]  INFO {com.atomikos.icatch.config.imp.AbstractUserTransactionService} - USING com.atomikos.icatch.default_jta_timeout = 10000
[2023-05-12 17:49:09,169]  INFO {com.atomikos.persistence.imp.FileLogStream} - Logfile closed: /Users/CIS/Downloads/MicroIntegrator/wso2mi-4.2.0/./tmlog0.log
[2023-05-12 17:49:09,171]  INFO {com.atomikos.icatch.imp.thread.TaskManager} - THREADS: using JDK thread pooling...
[2023-05-12 17:53:43,158]  INFO {com.atomikos.logging.LoggerFactory} - Using Slf4J for logging.
[2023-05-12 17:53:43,169]  WARN {com.atomikos.icatch.config.UserTransactionServiceImp} - Using init file: /Users/CIS/Downloads/MicroIntegrator/wso2mi-4.2.0/wso2/lib/transactions.properties
[2023-05-12 17:53:43,170]  WARN {com.atomikos.icatch.config.UserTransactionServiceImp} - Failed to open transactions properties file - using default values
[2023-05-12 17:53:43,186]  INFO {com.atomikos.persistence.imp.FileLogStream} - Starting read of logfile /Users/CIS/Downloads/MicroIntegrator/wso2mi-4.2.0/./tmlog0.log
[2023-05-12 17:53:43,186]  INFO {com.atomikos.persistence.imp.FileLogStream} - Done read of logfile
[2023-05-12 17:53:43,186]  INFO {com.atomikos.persistence.imp.FileLogStream} - Logfile closed: /Users/CIS/Downloads/MicroIntegrator/wso2mi-4.2.0/./tmlog0.log
[2023-05-12 17:53:43,190]  INFO {com.atomikos.icatch.config.imp.AbstractUserTransactionService} - USING core version: 3.8.0
[2023-05-12 17:53:43,190]  INFO {com.atomikos.icatch.config.imp.AbstractUserTransactionService} - USING com.atomikos.icatch.console_file_name = tm.out
[2023-05-12 17:53:43,190]  INFO {com.atomikos.icatch.config.imp.AbstractUserTransactionService} - USING com.atomikos.icatch.console_file_count = 1
[2023-05-12 17:53:43,190]  INFO {com.atomikos.icatch.config.imp.AbstractUserTransactionService} - USING com.atomikos.icatch.automatic_resource_registration = true
[2023-05-12 17:53:43,190]  INFO {com.atomikos.icatch.config.imp.AbstractUserTransactionService} - USING com.atomikos.icatch.client_demarcation = false
[2023-05-12 17:53:43,190]  INFO {com.atomikos.icatch.config.imp.AbstractUserTransactionService} - USING com.atomikos.icatch.threaded_2pc = false
[2023-05-12 17:53:43,191]  INFO {com.atomikos.icatch.config.imp.AbstractUserTransactionService} - USING com.atomikos.icatch.serial_jta_transactions = true
[2023-05-12 17:53:43,191]  INFO {com.atomikos.icatch.config.imp.AbstractUserTransactionService} - USING com.atomikos.icatch.log_base_dir = ./
[2023-05-12 17:53:43,191]  INFO {com.atomikos.icatch.config.imp.AbstractUserTransactionService} - USING com.atomikos.icatch.max_actives = 50
[2023-05-12 17:53:43,191]  INFO {com.atomikos.icatch.config.imp.AbstractUserTransactionService} - USING com.atomikos.icatch.console_log_level = WARN
[2023-05-12 17:53:43,191]  INFO {com.atomikos.icatch.config.imp.AbstractUserTransactionService} - USING com.atomikos.icatch.checkpoint_interval = 500
[2023-05-12 17:53:43,191]  INFO {com.atomikos.icatch.config.imp.AbstractUserTransactionService} - USING com.atomikos.icatch.enable_logging = true
[2023-05-12 17:53:43,191]  INFO {com.atomikos.icatch.config.imp.AbstractUserTransactionService} - USING com.atomikos.icatch.output_dir = ./
[2023-05-12 17:53:43,191]  INFO {com.atomikos.icatch.config.imp.AbstractUserTransactionService} - USING com.atomikos.icatch.log_base_name = tmlog
[2023-05-12 17:53:43,191]  INFO {com.atomikos.icatch.config.imp.AbstractUserTransactionService} - USING com.atomikos.icatch.console_file_limit = -1
[2023-05-12 17:53:43,191]  INFO {com.atomikos.icatch.config.imp.AbstractUserTransactionService} - USING com.atomikos.icatch.max_timeout = 300000
[2023-05-12 17:53:43,191]  INFO {com.atomikos.icatch.config.imp.AbstractUserTransactionService} - USING com.atomikos.icatch.tm_unique_name = 192.168.1.79.tm
[2023-05-12 17:53:43,191]  INFO {com.atomikos.icatch.config.imp.AbstractUserTransactionService} - USING java.naming.factory.initial = com.sun.jndi.rmi.registry.RegistryContextFactory
[2023-05-12 17:53:43,191]  INFO {com.atomikos.icatch.config.imp.AbstractUserTransactionService} - USING java.naming.provider.url = rmi://localhost:1099
[2023-05-12 17:53:43,191]  INFO {com.atomikos.icatch.config.imp.AbstractUserTransactionService} - USING com.atomikos.icatch.service = com.atomikos.icatch.standalone.UserTransactionServiceFactory
[2023-05-12 17:53:43,191]  INFO {com.atomikos.icatch.config.imp.AbstractUserTransactionService} - USING com.atomikos.icatch.force_shutdown_on_vm_exit = false
[2023-05-12 17:53:43,191]  INFO {com.atomikos.icatch.config.imp.AbstractUserTransactionService} - USING com.atomikos.icatch.default_jta_timeout = 10000
[2023-05-12 19:28:59,150]  INFO {com.atomikos.persistence.imp.FileLogStream} - Logfile closed: /Users/CIS/Downloads/MicroIntegrator/wso2mi-4.2.0/./tmlog1.log
[2023-05-12 19:28:59,153]  INFO {com.atomikos.icatch.imp.thread.TaskManager} - THREADS: using JDK thread pooling...
[2023-05-12 19:29:42,076]  INFO {com.atomikos.persistence.imp.FileLogStream} - Starting read of logfile /Users/CIS/Downloads/MicroIntegrator/wso2mi-4.2.0/./tmlog1.log
[2023-05-12 19:29:42,076]  INFO {com.atomikos.persistence.imp.FileLogStream} - Done read of logfile
[2023-05-12 19:29:42,076]  INFO {com.atomikos.persistence.imp.FileLogStream} - Logfile closed: /Users/CIS/Downloads/MicroIntegrator/wso2mi-4.2.0/./tmlog1.log
[2023-05-12 19:29:42,080]  INFO {com.atomikos.icatch.config.imp.AbstractUserTransactionService} - USING core version: 3.8.0
[2023-05-12 19:29:42,081]  INFO {com.atomikos.icatch.config.imp.AbstractUserTransactionService} - USING com.atomikos.icatch.console_file_name = tm.out
[2023-05-12 19:29:42,081]  INFO {com.atomikos.icatch.config.imp.AbstractUserTransactionService} - USING com.atomikos.icatch.console_file_count = 1
[2023-05-12 19:29:42,081]  INFO {com.atomikos.icatch.config.imp.AbstractUserTransactionService} - USING com.atomikos.icatch.automatic_resource_registration = true
[2023-05-12 19:29:42,081]  INFO {com.atomikos.icatch.config.imp.AbstractUserTransactionService} - USING com.atomikos.icatch.client_demarcation = false
[2023-05-12 19:29:42,081]  INFO {com.atomikos.icatch.config.imp.AbstractUserTransactionService} - USING com.atomikos.icatch.threaded_2pc = false
[2023-05-12 19:29:42,081]  INFO {com.atomikos.icatch.config.imp.AbstractUserTransactionService} - USING com.atomikos.icatch.serial_jta_transactions = true
[2023-05-12 19:29:42,081]  INFO {com.atomikos.icatch.config.imp.AbstractUserTransactionService} - USING com.atomikos.icatch.log_base_dir = ./
[2023-05-12 19:29:42,081]  INFO {com.atomikos.icatch.config.imp.AbstractUserTransactionService} - USING com.atomikos.icatch.max_actives = 50
[2023-05-12 19:29:42,081]  INFO {com.atomikos.icatch.config.imp.AbstractUserTransactionService} - USING com.atomikos.icatch.console_log_level = WARN
[2023-05-12 19:29:42,081]  INFO {com.atomikos.icatch.config.imp.AbstractUserTransactionService} - USING com.atomikos.icatch.checkpoint_interval = 500
[2023-05-12 19:29:42,081]  INFO {com.atomikos.icatch.config.imp.AbstractUserTransactionService} - USING com.atomikos.icatch.enable_logging = true
[2023-05-12 19:29:42,081]  INFO {com.atomikos.icatch.config.imp.AbstractUserTransactionService} - USING com.atomikos.icatch.output_dir = ./
[2023-05-12 19:29:42,081]  INFO {com.atomikos.icatch.config.imp.AbstractUserTransactionService} - USING com.atomikos.icatch.log_base_name = tmlog
[2023-05-12 19:29:42,081]  INFO {com.atomikos.icatch.config.imp.AbstractUserTransactionService} - USING com.atomikos.icatch.console_file_limit = -1
[2023-05-12 19:29:42,081]  INFO {com.atomikos.icatch.config.imp.AbstractUserTransactionService} - USING com.atomikos.icatch.max_timeout = 300000
[2023-05-12 19:29:42,081]  INFO {com.atomikos.icatch.config.imp.AbstractUserTransactionService} - USING com.atomikos.icatch.tm_unique_name = 192.168.1.79.tm
[2023-05-12 19:29:42,081]  INFO {com.atomikos.icatch.config.imp.AbstractUserTransactionService} - USING java.naming.factory.initial = com.sun.jndi.rmi.registry.RegistryContextFactory
[2023-05-12 19:29:42,081]  INFO {com.atomikos.icatch.config.imp.AbstractUserTransactionService} - USING java.naming.provider.url = rmi://localhost:1099
[2023-05-12 19:29:42,081]  INFO {com.atomikos.icatch.config.imp.AbstractUserTransactionService} - USING com.atomikos.icatch.service = com.atomikos.icatch.standalone.UserTransactionServiceFactory
[2023-05-12 19:29:42,081]  INFO {com.atomikos.icatch.config.imp.AbstractUserTransactionService} - USING com.atomikos.icatch.force_shutdown_on_vm_exit = false
[2023-05-12 19:29:42,081]  INFO {com.atomikos.icatch.config.imp.AbstractUserTransactionService} - USING com.atomikos.icatch.default_jta_timeout = 10000
